<?xml version="1.0" encoding="UTF-8"?>
<!-- Generated by org.testng.reporters.JUnitXMLReporter -->
<testsuite hostname="ANDREW-PC" name="Default test" tests="3" failures="0" timestamp="6 Aug 2015 00:12:12 GMT" time="1.692" errors="0">
  <testcase name="trends" time="0.129" classname="com.qtpselenium.framework.datadriven.stocksuite.Trends">
    <skipped/>
  </testcase> <!-- trends -->
  <testcase name="trends" time="0.077" classname="com.qtpselenium.framework.datadriven.stocksuite.Trends">
    <skipped/>
  </testcase> <!-- trends -->
  <testcase name="trends" time="0.076" classname="com.qtpselenium.framework.datadriven.stocksuite.Trends">
    <skipped/>
  </testcase> <!-- trends -->
</testsuite> <!-- Default test -->
