<?xml version="1.0" encoding="UTF-8"?>
<!-- Generated by org.testng.reporters.JUnitXMLReporter -->
<testsuite hostname="ANDREW-PC" name="Least Per Asset Test" tests="3" failures="0" timestamp="30 Jul 2015 00:32:11 GMT" time="0.162" errors="0">
  <testcase name="leastPerAssetTest" time="0.037" classname="com.qtpselenium.framework.datadriven.portfolio.LeastPerAssetTest">
    <skipped/>
  </testcase> <!-- leastPerAssetTest -->
  <testcase name="leastPerAssetTest" time="0.037" classname="com.qtpselenium.framework.datadriven.portfolio.LeastPerAssetTest">
    <skipped/>
  </testcase> <!-- leastPerAssetTest -->
  <testcase name="leastPerAssetTest" time="0.038" classname="com.qtpselenium.framework.datadriven.portfolio.LeastPerAssetTest">
    <skipped/>
  </testcase> <!-- leastPerAssetTest -->
</testsuite> <!-- Least Per Asset Test -->
