<?xml version="1.0" encoding="UTF-8"?>
<!-- Generated by org.testng.reporters.JUnitXMLReporter -->
<testsuite hostname="ANDREW-PC" name="Login Test" tests="3" failures="0" timestamp="30 Jul 2015 00:32:10 GMT" time="1.217" errors="0">
  <testcase name="logintest" time="0.105" classname="com.qtpselenium.framework.datadriven.portfolio.LoginTest">
    <skipped/>
  </testcase> <!-- logintest -->
  <testcase name="logintest" time="0.054" classname="com.qtpselenium.framework.datadriven.portfolio.LoginTest">
    <skipped/>
  </testcase> <!-- logintest -->
  <testcase name="logintest" time="0.052" classname="com.qtpselenium.framework.datadriven.portfolio.LoginTest">
    <skipped/>
  </testcase> <!-- logintest -->
</testsuite> <!-- Login Test -->
