<?xml version="1.0" encoding="UTF-8"?>
<!-- Generated by org.testng.reporters.JUnitXMLReporter -->
<testsuite hostname="ANDREW-PC" name="Command line test" tests="9" failures="0" timestamp="14 Aug 2015 00:04:22 GMT" time="551.163" errors="0">
  <testcase name="leastPerAssetTest" time="0.109" classname="com.qtpselenium.framework.datadriven.portfolio.LeastPerAssetTest">
    <skipped/>
  </testcase> <!-- leastPerAssetTest -->
  <testcase name="leastPerAssetTest" time="0.047" classname="com.qtpselenium.framework.datadriven.portfolio.LeastPerAssetTest">
    <skipped/>
  </testcase> <!-- leastPerAssetTest -->
  <testcase name="leastPerAssetTest" time="0.078" classname="com.qtpselenium.framework.datadriven.portfolio.LeastPerAssetTest">
    <skipped/>
  </testcase> <!-- leastPerAssetTest -->
  <testcase name="logintest" time="549.756" classname="com.qtpselenium.framework.datadriven.portfolio.LoginTest"/>
  <testcase name="logintest" time="0.047" classname="com.qtpselenium.framework.datadriven.portfolio.LoginTest">
    <skipped/>
  </testcase> <!-- logintest -->
  <testcase name="logintest" time="0.047" classname="com.qtpselenium.framework.datadriven.portfolio.LoginTest">
    <skipped/>
  </testcase> <!-- logintest -->
  <testcase name="Test3" time="0.0" classname="com.qtpselenium.framework.datadriven.portfolio.Test3"/>
  <testcase name="Test4" time="0.0" classname="com.qtpselenium.framework.datadriven.portfolio.Test4"/>
  <testcase name="Test5" time="0.0" classname="com.qtpselenium.framework.datadriven.portfolio.Test5"/>
</testsuite> <!-- Command line test -->
