<?xml version="1.0" encoding="UTF-8" ?>
<testsuite tests="9" failures="0" name="TestSuite" time="550.068" errors="0" skipped="5">
  <properties>
[...]
</properties>
  <testcase classname="com.qtpselenium.framework.datadriven.portfolio.LeastPerAssetTest" name="leastPerAssetTest" time="0.093">
    <skipped/>
    <system-out>Configuring TestNG with: org.apache.maven.surefire.testng.conf.TestNG652Configurator@1410acf
Total rows - 26
Test starts from row Number 7
Total rows of data are - 3
Total cols of data are - 3
PortfolioSuite
</system-out>
  </testcase>
  <testcase classname="com.qtpselenium.framework.datadriven.portfolio.LeastPerAssetTest" name="leastPerAssetTest" time="0.047">
    <skipped/>
    <system-out>PortfolioSuite
</system-out>
  </testcase>
  <testcase classname="com.qtpselenium.framework.datadriven.portfolio.LeastPerAssetTest" name="leastPerAssetTest" time="0.078">
    <skipped/>
    <system-out>PortfolioSuite
</system-out>
  </testcase>
  <testcase classname="com.qtpselenium.framework.datadriven.portfolio.LoginTest" name="logintest" time="549.756"/>
  <testcase classname="com.qtpselenium.framework.datadriven.portfolio.LoginTest" name="logintest" time="0.047">
    <skipped/>
    <system-out>PortfolioSuite
</system-out>
  </testcase>
  <testcase classname="com.qtpselenium.framework.datadriven.portfolio.LoginTest" name="logintest" time="0.047">
    <skipped/>
    <system-out>PortfolioSuite
</system-out>
  </testcase>
  <testcase classname="com.qtpselenium.framework.datadriven.portfolio.Test3" name="Test3" time="0"/>
  <testcase classname="com.qtpselenium.framework.datadriven.portfolio.Test4" name="Test4" time="0"/>
  <testcase classname="com.qtpselenium.framework.datadriven.portfolio.Test5" name="Test5" time="0"/>
</testsuite>