<?xml version="1.0" encoding="UTF-8"?>
<!-- Generated by org.testng.reporters.JUnitXMLReporter -->
<testsuite hostname="ANDREW-PC" name="Stock Add Test" tests="3" failures="0" timestamp="12 Aug 2015 19:33:33 GMT" time="346.361" errors="0">
  <testcase name="addStock" time="342.897" classname="com.qtpselenium.framework.datadriven.stocksuite.AddStock"/>
  <testcase name="addStock" time="0.067" classname="com.qtpselenium.framework.datadriven.stocksuite.AddStock">
    <skipped/>
  </testcase> <!-- addStock -->
  <testcase name="addStock" time="0.061" classname="com.qtpselenium.framework.datadriven.stocksuite.AddStock">
    <skipped/>
  </testcase> <!-- addStock -->
</testsuite> <!-- Stock Add Test -->
