<?xml version="1.0" encoding="UTF-8"?>
<!-- Generated by org.testng.reporters.JUnitXMLReporter -->
<testsuite hostname="ANDREW-PC" name="Test 2" tests="3" failures="0" timestamp="4 Aug 2015 23:42:02 GMT" time="0.184" errors="0">
  <testcase name="test2" time="0.05" classname="com.qtpselenium.framework.datadriven.stocksuite.Test2">
    <skipped/>
  </testcase> <!-- test2 -->
  <testcase name="test2" time="0.048" classname="com.qtpselenium.framework.datadriven.stocksuite.Test2">
    <skipped/>
  </testcase> <!-- test2 -->
  <testcase name="test2" time="0.047" classname="com.qtpselenium.framework.datadriven.stocksuite.Test2">
    <skipped/>
  </testcase> <!-- test2 -->
</testsuite> <!-- Test 2 -->
