<?xml version="1.0" encoding="UTF-8"?>
<!-- Generated by org.testng.reporters.JUnitXMLReporter -->
<testsuite hostname="ANDREW-PC" name="Trends Test" tests="3" failures="0" timestamp="12 Aug 2015 19:33:33 GMT" time="0.15" errors="0">
  <testcase name="trends" time="0.038" classname="com.qtpselenium.framework.datadriven.stocksuite.Trends">
    <skipped/>
  </testcase> <!-- trends -->
  <testcase name="trends" time="0.038" classname="com.qtpselenium.framework.datadriven.stocksuite.Trends">
    <skipped/>
  </testcase> <!-- trends -->
  <testcase name="trends" time="0.033" classname="com.qtpselenium.framework.datadriven.stocksuite.Trends">
    <skipped/>
  </testcase> <!-- trends -->
</testsuite> <!-- Trends Test -->
