<?xml version="1.0" encoding="UTF-8"?>
<!-- Generated by org.testng.reporters.JUnitXMLReporter -->
<testsuite hostname="ANDREW-PC" name="Test 1" tests="3" failures="0" timestamp="2 Jul 2015 22:18:52 GMT" time="1.272" errors="0">
  <testcase name="test1" time="0.091" classname="com.qtpselenium.framework.datadriven.suiteA.Test1"/>
  <testcase name="test1" time="0.062" classname="com.qtpselenium.framework.datadriven.suiteA.Test1">
    <skipped/>
  </testcase> <!-- test1 -->
  <testcase name="test1" time="0.063" classname="com.qtpselenium.framework.datadriven.suiteA.Test1"/>
</testsuite> <!-- Test 1 -->
