<?xml version="1.0" encoding="UTF-8"?>
<!-- Generated by org.testng.reporters.JUnitXMLReporter -->
<testsuite hostname="ANDREW-PC" name="Test 2" tests="3" failures="0" timestamp="23 Jul 2015 22:53:36 GMT" time="0.2" errors="0">
  <testcase name="test2" time="0.056" classname="com.qtpselenium.framework.datadriven.suiteB.Test2">
    <skipped/>
  </testcase> <!-- test2 -->
  <testcase name="test2" time="0.059" classname="com.qtpselenium.framework.datadriven.suiteB.Test2">
    <skipped/>
  </testcase> <!-- test2 -->
  <testcase name="test2" time="0.047" classname="com.qtpselenium.framework.datadriven.suiteB.Test2">
    <skipped/>
  </testcase> <!-- test2 -->
</testsuite> <!-- Test 2 -->
