<?xml version="1.0" encoding="UTF-8"?>
<!-- Generated by org.testng.reporters.JUnitXMLReporter -->
<testsuite hostname="ANDREW-PC" name="Test 1" tests="3" failures="0" timestamp="23 Jul 2015 22:53:35 GMT" time="0.189" errors="0">
  <testcase name="test1" time="0.039" classname="com.qtpselenium.framework.datadriven.suiteB.Test1">
    <skipped/>
  </testcase> <!-- test1 -->
  <testcase name="test1" time="0.041" classname="com.qtpselenium.framework.datadriven.suiteB.Test1">
    <skipped/>
  </testcase> <!-- test1 -->
  <testcase name="test1" time="0.062" classname="com.qtpselenium.framework.datadriven.suiteB.Test1">
    <skipped/>
  </testcase> <!-- test1 -->
</testsuite> <!-- Test 1 -->
